[debug] ----------------------------------------------------------------------
[debug] Command:      C:\Program Files\nodejs\node.exe C:\Users\Hamza\AppData\Roaming\npm\node_modules\firebase-tools\bin\firebase deploy
[debug] CLI Version:  3.2.3
[debug] Platform:     win32
[debug] Node Version: v7.4.0
[debug] Time:         Mon Feb 13 2017 10:32:49 GMT+0100 (Europe de l’Ouest)
[debug] ----------------------------------------------------------------------
[debug] 
[debug] > command requires scopes: ["email","openid","https://www.googleapis.com/auth/cloudplatformprojects.readonly","https://www.googleapis.com/auth/firebase"]
[debug] >>> HTTP REQUEST GET https://admin.firebase.com/v1/projects/citizenmap-2a95a  
 Mon Feb 13 2017 10:32:49 GMT+0100 (Europe de l’Ouest)
[debug] <<< HTTP RESPONSE 200
[debug] >>> HTTP REQUEST GET https://admin.firebase.com/v1/database/citizenmap-2a95a/tokens  
 Mon Feb 13 2017 10:32:51 GMT+0100 (Europe de l’Ouest)
[debug] <<< HTTP RESPONSE 200
[info] 
[info] === Deploying to 'citizenmap-2a95a'...
[info] 
[info] i  deploying database, hosting
[info] +  database: rules ready to deploy.
[info] i  hosting: preparing public directory for upload...
[debug] >>> HTTP REQUEST PUT https://deploy.firebase.com/v1/hosting/citizenmap-2a95a/uploads/-KcqoKma45Xyi1XO7Fgh?fileCount=223&message=  
 Mon Feb 13 2017 10:32:59 GMT+0100 (Europe de l’Ouest)
[debug] Error: write ECONNRESET
    at exports._errnoException (util.js:1022:11)
    at WriteWrap.afterWrite [as oncomplete] (net.js:804:14)
[error] 
[error] Error: Server Error. write ECONNRESET
[debug] ----------------------------------------------------------------------
[debug] Command:      C:\Program Files\nodejs\node.exe C:\Users\Hamza\AppData\Roaming\npm\node_modules\firebase-tools\bin\firebase deploy
[debug] CLI Version:  3.2.3
[debug] Platform:     win32
[debug] Node Version: v7.4.0
[debug] Time:         Mon Feb 13 2017 10:33:36 GMT+0100 (Europe de l’Ouest)
[debug] ----------------------------------------------------------------------
[debug] 
[debug] > command requires scopes: ["email","openid","https://www.googleapis.com/auth/cloudplatformprojects.readonly","https://www.googleapis.com/auth/firebase"]
[debug] >>> HTTP REQUEST GET https://admin.firebase.com/v1/projects/citizenmap-2a95a  
 Mon Feb 13 2017 10:33:36 GMT+0100 (Europe de l’Ouest)
[debug] <<< HTTP RESPONSE 200
[debug] >>> HTTP REQUEST GET https://admin.firebase.com/v1/database/citizenmap-2a95a/tokens  
 Mon Feb 13 2017 10:33:37 GMT+0100 (Europe de l’Ouest)
[debug] <<< HTTP RESPONSE 200
[info] 
[info] === Deploying to 'citizenmap-2a95a'...
[info] 
[info] i  deploying database, hosting
[info] +  database: rules ready to deploy.
[info] i  hosting: preparing public directory for upload...
[debug] >>> HTTP REQUEST PUT https://deploy.firebase.com/v1/hosting/citizenmap-2a95a/uploads/-KcqoWBM3MLvxyCgh1n7?fileCount=223&message=  
 Mon Feb 13 2017 10:33:45 GMT+0100 (Europe de l’Ouest)
[debug] Error: write ECONNRESET
    at exports._errnoException (util.js:1022:11)
    at WriteWrap.afterWrite [as oncomplete] (net.js:804:14)
[error] 
[error] Error: Server Error. write ECONNRESET
[debug] ----------------------------------------------------------------------
[debug] Command:      C:\Program Files\nodejs\node.exe C:\Users\Hamza\AppData\Roaming\npm\node_modules\firebase-tools\bin\firebase deploy
[debug] CLI Version:  3.2.3
[debug] Platform:     win32
[debug] Node Version: v7.4.0
[debug] Time:         Mon Feb 13 2017 10:35:46 GMT+0100 (Europe de l’Ouest)
[debug] ----------------------------------------------------------------------
[debug] 
[debug] > command requires scopes: ["email","openid","https://www.googleapis.com/auth/cloudplatformprojects.readonly","https://www.googleapis.com/auth/firebase"]
[debug] >>> HTTP REQUEST GET https://admin.firebase.com/v1/projects/citizenmap-2a95a  
 Mon Feb 13 2017 10:35:46 GMT+0100 (Europe de l’Ouest)
[debug] <<< HTTP RESPONSE 200
[debug] >>> HTTP REQUEST GET https://admin.firebase.com/v1/database/citizenmap-2a95a/tokens  
 Mon Feb 13 2017 10:35:47 GMT+0100 (Europe de l’Ouest)
[debug] <<< HTTP RESPONSE 200
[info] 
[info] === Deploying to 'citizenmap-2a95a'...
[info] 
[info] i  deploying database, hosting
[info] +  database: rules ready to deploy.
[info] i  hosting: preparing public directory for upload...
[debug] >>> HTTP REQUEST PUT https://deploy.firebase.com/v1/hosting/citizenmap-2a95a/uploads/-Kcqp07XiscbFjZYoFJW?fileCount=223&message=  
 Mon Feb 13 2017 10:35:56 GMT+0100 (Europe de l’Ouest)
[debug] Error: write ECONNRESET
    at exports._errnoException (util.js:1022:11)
    at WriteWrap.afterWrite [as oncomplete] (net.js:804:14)
[error] 
[error] Error: Server Error. write ECONNRESET
[debug] ----------------------------------------------------------------------
[debug] Command:      C:\Program Files\nodejs\node.exe C:\Users\Hamza\AppData\Roaming\npm\node_modules\firebase-tools\bin\firebase deploy
[debug] CLI Version:  3.2.3
[debug] Platform:     win32
[debug] Node Version: v7.4.0
[debug] Time:         Mon Feb 13 2017 10:36:36 GMT+0100 (Europe de l’Ouest)
[debug] ----------------------------------------------------------------------
[debug] 
[debug] > command requires scopes: ["email","openid","https://www.googleapis.com/auth/cloudplatformprojects.readonly","https://www.googleapis.com/auth/firebase"]
[debug] >>> HTTP REQUEST GET https://admin.firebase.com/v1/projects/citizenmap-2a95a  
 Mon Feb 13 2017 10:36:36 GMT+0100 (Europe de l’Ouest)
[debug] <<< HTTP RESPONSE 200
[debug] >>> HTTP REQUEST GET https://admin.firebase.com/v1/database/citizenmap-2a95a/tokens  
 Mon Feb 13 2017 10:36:39 GMT+0100 (Europe de l’Ouest)
[debug] <<< HTTP RESPONSE 200
